2024-11-18 09:37:14,050 WARN  [io.qua.config] (Quarkus Main Thread) Unrecognized configuration key "quarkus.openapi.version" was provided; it will be ignored; verify that the dependency extension for this configuration is set or that you did not make a typo
2024-11-18 09:37:14,050 WARN  [io.qua.config] (Quarkus Main Thread) Unrecognized configuration key "quarkus.openapi.description" was provided; it will be ignored; verify that the dependency extension for this configuration is set or that you did not make a typo
2024-11-18 09:37:14,050 WARN  [io.qua.config] (Quarkus Main Thread) Unrecognized configuration key "quarkus.openapi.path" was provided; it will be ignored; verify that the dependency extension for this configuration is set or that you did not make a typo
2024-11-18 09:37:14,050 WARN  [io.qua.config] (Quarkus Main Thread) Unrecognized configuration key "quarkus.openapi.title" was provided; it will be ignored; verify that the dependency extension for this configuration is set or that you did not make a typo
2024-11-18 09:38:01,858 INFO  [de.hs.swa.bou.DrinkResource] (executor-thread-1) Search request received: category=Cocktail, name=null, ingredient=null
2024-11-18 09:38:02,425 SEVERE [de.hs.swa.bou.DrinkResource] (executor-thread-1) Error processing search request.: jakarta.json.bind.JsonbException: Unable to deserialize property 'drinks' because of: Unable to deserialize property 'strDrinkThumb' because of: Incorrect position for processing type: interface java.util.List. Received event: VALUE_STRING Allowed: [START_ARRAY]
	at org.eclipse.yasson.internal.deserializer.ObjectDeserializer.deserialize(ObjectDeserializer.java:80)
	at org.eclipse.yasson.internal.deserializer.ObjectDeserializer.deserialize(ObjectDeserializer.java:31)
	at org.eclipse.yasson.internal.deserializer.DefaultObjectInstanceCreator.deserialize(DefaultObjectInstanceCreator.java:57)
	at org.eclipse.yasson.internal.deserializer.DefaultObjectInstanceCreator.deserialize(DefaultObjectInstanceCreator.java:29)
	at org.eclipse.yasson.internal.deserializer.PositionChecker.deserialize(PositionChecker.java:85)
	at org.eclipse.yasson.internal.deserializer.PositionChecker.deserialize(PositionChecker.java:34)
	at org.eclipse.yasson.internal.deserializer.NullCheckDeserializer.deserialize(NullCheckDeserializer.java:46)
	at org.eclipse.yasson.internal.deserializer.NullCheckDeserializer.deserialize(NullCheckDeserializer.java:26)
	at org.eclipse.yasson.internal.DeserializationContextImpl.deserializeItem(DeserializationContextImpl.java:138)
	at org.eclipse.yasson.internal.DeserializationContextImpl.deserialize(DeserializationContextImpl.java:127)
	at org.eclipse.yasson.internal.JsonBinding.deserialize(JsonBinding.java:55)
	at org.eclipse.yasson.internal.JsonBinding.fromJson(JsonBinding.java:102)
	at org.jboss.resteasy.reactive.server.jsonb.JsonbMessageBodyReader.doReadFrom(JsonbMessageBodyReader.java:57)
	at org.jboss.resteasy.reactive.server.jsonb.JsonbMessageBodyReader.readFrom(JsonbMessageBodyReader.java:33)
	at org.jboss.resteasy.reactive.client.impl.ClientReaderInterceptorContextImpl.proceed(ClientReaderInterceptorContextImpl.java:86)
	at org.jboss.resteasy.reactive.client.impl.ClientSerialisers.invokeClientReader(ClientSerialisers.java:160)
	at org.jboss.resteasy.reactive.client.impl.RestClientRequestContext.readEntity(RestClientRequestContext.java:219)
	at org.jboss.resteasy.reactive.client.handlers.ClientResponseCompleteRestHandler.mapToResponse(ClientResponseCompleteRestHandler.java:113)
	at org.jboss.resteasy.reactive.client.handlers.ClientResponseCompleteRestHandler.handle(ClientResponseCompleteRestHandler.java:35)
	at org.jboss.resteasy.reactive.client.handlers.ClientResponseCompleteRestHandler.handle(ClientResponseCompleteRestHandler.java:31)
	at org.jboss.resteasy.reactive.common.core.AbstractResteasyReactiveContext.invokeHandler(AbstractResteasyReactiveContext.java:231)
	at org.jboss.resteasy.reactive.common.core.AbstractResteasyReactiveContext.run(AbstractResteasyReactiveContext.java:147)
	at org.jboss.resteasy.reactive.client.impl.RestClientRequestContext$1.lambda$execute$0(RestClientRequestContext.java:324)
	at io.vertx.core.impl.ContextInternal.dispatch(ContextInternal.java:270)
	at io.vertx.core.impl.ContextInternal.dispatch(ContextInternal.java:252)
	at io.vertx.core.impl.ContextInternal.lambda$runOnContext$0(ContextInternal.java:50)
	at io.netty.util.concurrent.AbstractEventExecutor.runTask(AbstractEventExecutor.java:173)
	at io.netty.util.concurrent.AbstractEventExecutor.safeExecute(AbstractEventExecutor.java:166)
	at io.netty.util.concurrent.SingleThreadEventExecutor.runAllTasks(SingleThreadEventExecutor.java:469)
	at io.netty.channel.nio.NioEventLoop.run(NioEventLoop.java:566)
	at io.netty.util.concurrent.SingleThreadEventExecutor$4.run(SingleThreadEventExecutor.java:994)
	at io.netty.util.internal.ThreadExecutorMap$2.run(ThreadExecutorMap.java:74)
	at io.netty.util.concurrent.FastThreadLocalRunnable.run(FastThreadLocalRunnable.java:30)
	at java.base/java.lang.Thread.run(Thread.java:1570)
Caused by: jakarta.json.bind.JsonbException: Unable to deserialize property 'strDrinkThumb' because of: Incorrect position for processing type: interface java.util.List. Received event: VALUE_STRING Allowed: [START_ARRAY]
	at org.eclipse.yasson.internal.deserializer.ObjectDeserializer.deserialize(ObjectDeserializer.java:80)
	at org.eclipse.yasson.internal.deserializer.ObjectDeserializer.deserialize(ObjectDeserializer.java:31)
	at org.eclipse.yasson.internal.deserializer.DefaultObjectInstanceCreator.deserialize(DefaultObjectInstanceCreator.java:57)
	at org.eclipse.yasson.internal.deserializer.DefaultObjectInstanceCreator.deserialize(DefaultObjectInstanceCreator.java:29)
	at org.eclipse.yasson.internal.deserializer.PositionChecker.deserialize(PositionChecker.java:85)
	at org.eclipse.yasson.internal.deserializer.PositionChecker.deserialize(PositionChecker.java:34)
	at org.eclipse.yasson.internal.deserializer.NullCheckDeserializer.deserialize(NullCheckDeserializer.java:46)
	at org.eclipse.yasson.internal.deserializer.NullCheckDeserializer.deserialize(NullCheckDeserializer.java:26)
	at org.eclipse.yasson.internal.deserializer.ContextSwitcher.deserialize(ContextSwitcher.java:36)
	at org.eclipse.yasson.internal.deserializer.ContextSwitcher.deserialize(ContextSwitcher.java:22)
	at org.eclipse.yasson.internal.deserializer.CollectionDeserializer.deserialize(CollectionDeserializer.java:49)
	at org.eclipse.yasson.internal.deserializer.CollectionInstanceCreator.deserialize(CollectionInstanceCreator.java:61)
	at org.eclipse.yasson.internal.deserializer.CollectionInstanceCreator.deserialize(CollectionInstanceCreator.java:37)
	at org.eclipse.yasson.internal.deserializer.PositionChecker.deserialize(PositionChecker.java:85)
	at org.eclipse.yasson.internal.deserializer.PositionChecker.deserialize(PositionChecker.java:34)
	at org.eclipse.yasson.internal.deserializer.NullCheckDeserializer.deserialize(NullCheckDeserializer.java:46)
	at org.eclipse.yasson.internal.deserializer.NullCheckDeserializer.deserialize(NullCheckDeserializer.java:26)
	at org.eclipse.yasson.internal.deserializer.ContextSwitcher.deserialize(ContextSwitcher.java:36)
	at org.eclipse.yasson.internal.deserializer.ContextSwitcher.deserialize(ContextSwitcher.java:22)
	at org.eclipse.yasson.internal.deserializer.ObjectDeserializer.deserialize(ObjectDeserializer.java:78)
	... 33 more
Caused by: jakarta.json.bind.JsonbException: Incorrect position for processing type: interface java.util.List. Received event: VALUE_STRING Allowed: [START_ARRAY]
	at org.eclipse.yasson.internal.deserializer.PositionChecker.deserialize(PositionChecker.java:80)
	at org.eclipse.yasson.internal.deserializer.PositionChecker.deserialize(PositionChecker.java:34)
	at org.eclipse.yasson.internal.deserializer.NullCheckDeserializer.deserialize(NullCheckDeserializer.java:46)
	at org.eclipse.yasson.internal.deserializer.NullCheckDeserializer.deserialize(NullCheckDeserializer.java:26)
	at org.eclipse.yasson.internal.deserializer.ContextSwitcher.deserialize(ContextSwitcher.java:36)
	at org.eclipse.yasson.internal.deserializer.ContextSwitcher.deserialize(ContextSwitcher.java:22)
	at org.eclipse.yasson.internal.deserializer.ObjectDeserializer.deserialize(ObjectDeserializer.java:78)
	... 52 more

2024-11-18 09:39:29,043 WARN  [io.qua.config] (Test runner thread) Unrecognized configuration key "quarkus.openapi.version" was provided; it will be ignored; verify that the dependency extension for this configuration is set or that you did not make a typo
2024-11-18 09:39:29,043 WARN  [io.qua.config] (Test runner thread) Unrecognized configuration key "quarkus.openapi.description" was provided; it will be ignored; verify that the dependency extension for this configuration is set or that you did not make a typo
2024-11-18 09:39:29,043 WARN  [io.qua.config] (Test runner thread) Unrecognized configuration key "quarkus.openapi.path" was provided; it will be ignored; verify that the dependency extension for this configuration is set or that you did not make a typo
2024-11-18 09:39:29,043 WARN  [io.qua.config] (Test runner thread) Unrecognized configuration key "quarkus.openapi.title" was provided; it will be ignored; verify that the dependency extension for this configuration is set or that you did not make a typo
2024-11-18 09:39:30,263 ERROR [io.qua.test] (Test runner thread) [39m==================== TEST REPORT #1[39m ====================
2024-11-18 09:39:30,263 ERROR [io.qua.test] (Test runner thread) [91mTest ExampleResourceTest#testAddMocktail() failed 
[39m: java.lang.AssertionError: 1 expectation failed.
Expected status code <201> but was <404>.

	at io.restassured.internal.ValidatableResponseOptionsImpl.statusCode(ValidatableResponseOptionsImpl.java:89)
	at de.hs.swa.ExampleResourceTest.testAddMocktail(ExampleResourceTest.java:35)

2024-11-18 09:39:30,263 ERROR [io.qua.test] (Test runner thread) [91mTest ExampleResourceTest#testEditMocktail() failed 
[39m: java.lang.AssertionError: 1 expectation failed.
Expected status code <201> but was <404>.

	at io.restassured.internal.ValidatableResponseOptionsImpl.statusCode(ValidatableResponseOptionsImpl.java:89)
	at de.hs.swa.ExampleResourceTest.testEditMocktail(ExampleResourceTest.java:98)

2024-11-18 09:39:30,263 ERROR [io.qua.test] (Test runner thread) [91mTest ExampleResourceTest#testDeleteMocktail() failed 
[39m: java.lang.AssertionError: 1 expectation failed.
Expected status code <201> but was <404>.

	at io.restassured.internal.ValidatableResponseOptionsImpl.statusCode(ValidatableResponseOptionsImpl.java:89)
	at de.hs.swa.ExampleResourceTest.testDeleteMocktail(ExampleResourceTest.java:144)

2024-11-18 09:39:30,263 ERROR [io.qua.test] (Test runner thread) [91mTest ExampleResourceTest#testGetMocktailById() failed 
[39m: java.lang.AssertionError: 1 expectation failed.
Expected status code <201> but was <404>.

	at io.restassured.internal.ValidatableResponseOptionsImpl.statusCode(ValidatableResponseOptionsImpl.java:89)
	at de.hs.swa.ExampleResourceTest.testGetMocktailById(ExampleResourceTest.java:69)

2024-11-18 09:39:30,263 ERROR [io.qua.test] (Test runner thread) [91mTest ExampleResourceTest#testGetAllMocktails() failed 
[39m: java.lang.AssertionError: 1 expectation failed.
Expected status code <200> but was <404>.

	at io.restassured.internal.ValidatableResponseOptionsImpl.statusCode(ValidatableResponseOptionsImpl.java:89)
	at de.hs.swa.ExampleResourceTest.testGetAllMocktails(ExampleResourceTest.java:46)

2024-11-18 09:39:30,266 ERROR [io.qua.test] (Test runner thread) [39m>>>>>>>>>>>>>>>>>>>> [91mSummary:[39m <<<<<<<<<<<<<<<<<<<<
de.hs.swa.ExampleResourceTest#testAddMocktail(ExampleResourceTest.java:35) [91mExampleResourceTest#testAddMocktail()[39m 1 expectation failed.
Expected status code <201> but was <404>.
de.hs.swa.ExampleResourceTest#testEditMocktail(ExampleResourceTest.java:98) [91mExampleResourceTest#testEditMocktail()[39m 1 expectation failed.
Expected status code <201> but was <404>.
de.hs.swa.ExampleResourceTest#testDeleteMocktail(ExampleResourceTest.java:144) [91mExampleResourceTest#testDeleteMocktail()[39m 1 expectation failed.
Expected status code <201> but was <404>.
de.hs.swa.ExampleResourceTest#testGetMocktailById(ExampleResourceTest.java:69) [91mExampleResourceTest#testGetMocktailById()[39m 1 expectation failed.
Expected status code <201> but was <404>.
de.hs.swa.ExampleResourceTest#testGetAllMocktails(ExampleResourceTest.java:46) [91mExampleResourceTest#testGetAllMocktails()[39m 1 expectation failed.
Expected status code <200> but was <404>.
2024-11-18 09:39:30,267 ERROR [io.qua.test] (Test runner thread) [39m>>>>>>>>>>>>>>>>>>>> [91m5 TESTS FAILED[39m <<<<<<<<<<<<<<<<<<<<
2024-11-18 09:39:30,700 ERROR [io.qua.test] (Test runner thread) [39m==================== TEST REPORT #2[39m ====================
2024-11-18 09:39:30,701 ERROR [io.qua.test] (Test runner thread) [91mTest ExampleResourceTest#testAddMocktail() failed 
[39m: java.lang.AssertionError: 1 expectation failed.
Expected status code <201> but was <404>.

	at io.restassured.internal.ValidatableResponseOptionsImpl.statusCode(ValidatableResponseOptionsImpl.java:89)
	at de.hs.swa.ExampleResourceTest.testAddMocktail(ExampleResourceTest.java:35)

2024-11-18 09:39:30,701 ERROR [io.qua.test] (Test runner thread) [91mTest ExampleResourceTest#testEditMocktail() failed 
[39m: java.lang.AssertionError: 1 expectation failed.
Expected status code <201> but was <404>.

	at io.restassured.internal.ValidatableResponseOptionsImpl.statusCode(ValidatableResponseOptionsImpl.java:89)
	at de.hs.swa.ExampleResourceTest.testEditMocktail(ExampleResourceTest.java:98)

2024-11-18 09:39:30,701 ERROR [io.qua.test] (Test runner thread) [91mTest ExampleResourceTest#testDeleteMocktail() failed 
[39m: java.lang.AssertionError: 1 expectation failed.
Expected status code <201> but was <404>.

	at io.restassured.internal.ValidatableResponseOptionsImpl.statusCode(ValidatableResponseOptionsImpl.java:89)
	at de.hs.swa.ExampleResourceTest.testDeleteMocktail(ExampleResourceTest.java:144)

2024-11-18 09:39:30,701 ERROR [io.qua.test] (Test runner thread) [91mTest ExampleResourceTest#testGetMocktailById() failed 
[39m: java.lang.AssertionError: 1 expectation failed.
Expected status code <201> but was <404>.

	at io.restassured.internal.ValidatableResponseOptionsImpl.statusCode(ValidatableResponseOptionsImpl.java:89)
	at de.hs.swa.ExampleResourceTest.testGetMocktailById(ExampleResourceTest.java:69)

2024-11-18 09:39:30,701 ERROR [io.qua.test] (Test runner thread) [91mTest ExampleResourceTest#testGetAllMocktails() failed 
[39m: java.lang.AssertionError: 1 expectation failed.
Expected status code <200> but was <404>.

	at io.restassured.internal.ValidatableResponseOptionsImpl.statusCode(ValidatableResponseOptionsImpl.java:89)
	at de.hs.swa.ExampleResourceTest.testGetAllMocktails(ExampleResourceTest.java:46)

2024-11-18 09:39:30,702 ERROR [io.qua.test] (Test runner thread) [39m>>>>>>>>>>>>>>>>>>>> [91mSummary:[39m <<<<<<<<<<<<<<<<<<<<
de.hs.swa.ExampleResourceTest#testAddMocktail(ExampleResourceTest.java:35) [91mExampleResourceTest#testAddMocktail()[39m 1 expectation failed.
Expected status code <201> but was <404>.
de.hs.swa.ExampleResourceTest#testEditMocktail(ExampleResourceTest.java:98) [91mExampleResourceTest#testEditMocktail()[39m 1 expectation failed.
Expected status code <201> but was <404>.
de.hs.swa.ExampleResourceTest#testDeleteMocktail(ExampleResourceTest.java:144) [91mExampleResourceTest#testDeleteMocktail()[39m 1 expectation failed.
Expected status code <201> but was <404>.
de.hs.swa.ExampleResourceTest#testGetMocktailById(ExampleResourceTest.java:69) [91mExampleResourceTest#testGetMocktailById()[39m 1 expectation failed.
Expected status code <201> but was <404>.
de.hs.swa.ExampleResourceTest#testGetAllMocktails(ExampleResourceTest.java:46) [91mExampleResourceTest#testGetAllMocktails()[39m 1 expectation failed.
Expected status code <200> but was <404>.
2024-11-18 09:39:30,702 ERROR [io.qua.test] (Test runner thread) [39m>>>>>>>>>>>>>>>>>>>> [91m5 TESTS FAILED[39m <<<<<<<<<<<<<<<<<<<<
